<?xml version='1.0' encoding='UTF-8'?>
<testsuite hostname="ubuntu" name="iit3503.ControlTester" tests="30" errors="0" failures="0" skipped="0" time="598.529" timestamp="2021-05-07T17:26:36">
                     <properties>
      <property name="awt.toolkit" value="sun.awt.X11.XToolkit"/><property name="java.specification.version" value="11"/><property name="sun.cpu.isalist" value=""/><property name="sun.jnu.encoding" value="UTF-8"/><property name="sun.arch.data.model" value="64"/><property name="java.vendor.url" value="https://ubuntu.com/"/><property name="sun.boot.library.path" value="/usr/lib/jvm/java-11-openjdk-amd64/lib"/><property name="sun.java.command" value="/usr/share/sbt/bin/sbt-launch.jar test"/><property name="jdk.debug" value="release"/><property name="java.specification.vendor" value="Oracle Corporation"/><property name="java.version.date" value="2021-04-20"/><property name="java.home" value="/usr/lib/jvm/java-11-openjdk-amd64"/><property name="file.separator" value="/"/><property name="java.vm.compressedOopsMode" value="32-bit"/><property name="line.separator" value="
"/><property name="java.specification.name" value="Java Platform API Specification"/><property name="java.vm.specification.vendor" value="Oracle Corporation"/><property name="sun.management.compiler" value="HotSpot 64-Bit Tiered Compilers"/><property name="java.runtime.version" value="11.0.11+9-Ubuntu-0ubuntu2.18.04"/><property name="user.name" value="vagrant"/><property name="log4j.ignoreTCL" value="true"/><property name="file.encoding" value="UTF-8"/><property name="jnidispatch.path" value="/home/vagrant/.cache/JNA/temp/jna10968426754267578971.tmp"/><property name="jna.loaded" value="true"/><property name="java.io.tmpdir" value="/tmp"/><property name="java.version" value="11.0.11"/><property name="java.vm.specification.name" value="Java Virtual Machine Specification"/><property name="java.awt.printerjob" value="sun.print.PSPrinterJob"/><property name="sun.os.patch.level" value="unknown"/><property name="java.library.path" value="/usr/java/packages/lib:/usr/lib/x86_64-linux-gnu/jni:/lib/x86_64-linux-gnu:/usr/lib/x86_64-linux-gnu:/usr/lib/jni:/lib:/usr/lib"/><property name="java.vendor" value="Ubuntu"/><property name="scala.ext.dirs" value="/home/vagrant/.sbt/0.13/java9-rt-ext-ubuntu_11_0_11"/><property name="sun.io.unicode.encoding" value="UnicodeLittle"/><property name="sun.desktop" value="gnome"/><property name="java.class.path" value="/usr/share/sbt/bin/sbt-launch.jar"/><property name="java.vm.vendor" value="Ubuntu"/><property name="jline.shutdownhook" value="false"/><property name="user.timezone" value="UTC"/><property name="os.name" value="Linux"/><property name="java.vm.specification.version" value="11"/><property name="sun.java.launcher" value="SUN_STANDARD"/><property name="user.country" value="US"/><property name="sun.cpu.endian" value="little"/><property name="user.home" value="/home/vagrant"/><property name="user.language" value="en"/><property name="swoval.tmpdir" value="/home/vagrant/.sbt/1.0"/><property name="java.awt.graphicsenv" value="sun.awt.X11GraphicsEnvironment"/><property name="jline.esc.timeout" value="0"/><property name="path.separator" value=":"/><property name="os.version" value="4.15.0-112-generic"/><property name="jna.nosys" value="true"/><property name="java.runtime.name" value="OpenJDK Runtime Environment"/><property name="java.vm.name" value="OpenJDK 64-Bit Server VM"/><property name="jna.platform.library.path" value="/usr/lib/x86_64-linux-gnu:/lib/x86_64-linux-gnu:/lib64:/usr/lib:/lib:/lib32:/usr/lib32:/usr/lib/x86_64-linux-gnu/libfakeroot"/><property name="java.vendor.url.bug" value="https://bugs.launchpad.net/ubuntu/+source/openjdk-lts"/><property name="user.dir" value="/home/vagrant/iit3503-starter"/><property name="os.arch" value="amd64"/><property name="java.vm.info" value="mixed mode, sharing"/><property name="java.vm.version" value="11.0.11+9-Ubuntu-0ubuntu2.18.04"/><property name="java.class.version" value="55.0"/>
    </properties>
                     <testcase classname="iit3503.ControlTester" name="Control Unit should start in IFETCH state (18)" time="28.433">
                                                 
                                               </testcase><testcase classname="iit3503.ControlTester" name="Control Unit should go through unexceptional IFETCH sequence properly" time="24.871">
                                                 
                                               </testcase><testcase classname="iit3503.ControlTester" name="Control Unit should initiate the INT sequence properly" time="21.452">
                                                 
                                               </testcase><testcase classname="iit3503.ControlTester" name="Control Unit should initiate the ACV sequence properly in an IFETCH" time="21.493">
                                                 
                                               </testcase><testcase classname="iit3503.ControlTester" name="Control Unit should actually wait for memory in an IFETCH" time="41.05">
                                                 
                                               </testcase><testcase classname="iit3503.ControlTester" name="Control Unit should go through ADD states properly" time="16.611">
                                                 
                                               </testcase><testcase classname="iit3503.ControlTester" name="Control Unit should go through AND states properly" time="21.47">
                                                 
                                               </testcase><testcase classname="iit3503.ControlTester" name="Control Unit should go through NOT states properly" time="21.384">
                                                 
                                               </testcase><testcase classname="iit3503.ControlTester" name="Control Unit should go through LEA states properly" time="19.559">
                                                 
                                               </testcase><testcase classname="iit3503.ControlTester" name="Control Unit should go through LD states properly" time="16.388">
                                                 
                                               </testcase><testcase classname="iit3503.ControlTester" name="Control Unit should go through LDR states properly" time="18.166">
                                                 
                                               </testcase><testcase classname="iit3503.ControlTester" name="Control Unit should go through LDI states properly" time="16.959">
                                                 
                                               </testcase><testcase classname="iit3503.ControlTester" name="Control Unit should go through STI states properly" time="20.75">
                                                 
                                               </testcase><testcase classname="iit3503.ControlTester" name="Control Unit should go through STR states properly" time="18.696">
                                                 
                                               </testcase><testcase classname="iit3503.ControlTester" name="Control Unit should go through ST states properly" time="17.647">
                                                 
                                               </testcase><testcase classname="iit3503.ControlTester" name="Control Unit should go through JSR states properly" time="18.442">
                                                 
                                               </testcase><testcase classname="iit3503.ControlTester" name="Control Unit should go through JSRR states properly" time="15.331">
                                                 
                                               </testcase><testcase classname="iit3503.ControlTester" name="Control Unit should go through JMP states properly" time="18.579">
                                                 
                                               </testcase><testcase classname="iit3503.ControlTester" name="Control Unit should go through BR states properly when branch not taken" time="22.657">
                                                 
                                               </testcase><testcase classname="iit3503.ControlTester" name="Control Unit should go through BR states properly when branch taken" time="16.268">
                                                 
                                               </testcase><testcase classname="iit3503.ControlTester" name="Control Unit should handle ACV properly on an LD" time="18.166">
                                                 
                                               </testcase><testcase classname="iit3503.ControlTester" name="Control Unit should handle ACV properly on LDI indirect access" time="18.416">
                                                 
                                               </testcase><testcase classname="iit3503.ControlTester" name="Control Unit should go through undefined opcode states properly in supervisor mode" time="15.026">
                                                 
                                               </testcase><testcase classname="iit3503.ControlTester" name="Control Unit should go through undefined opcode states properly in user mode" time="17.812">
                                                 
                                               </testcase><testcase classname="iit3503.ControlTester" name="Control Unit should respect the old gods and the new" time="18.755">
                                                 
                                               </testcase><testcase classname="iit3503.ControlTester" name="Control Unit should raise an exception for RTI in user mode" time="20.628">
                                                 
                                               </testcase><testcase classname="iit3503.ControlTester" name="Control Unit should go through RTI states properly in supervisor mode" time="18.823">
                                                 
                                               </testcase><testcase classname="iit3503.ControlTester" name="Control Unit should go through RTI states properly in supervisor mode when the INT happened in usermode" time="17.424">
                                                 
                                               </testcase><testcase classname="iit3503.ControlTester" name="Control Unit should go through TRAP states properly in usermode" time="17.883">
                                                 
                                               </testcase><testcase classname="iit3503.ControlTester" name="Control Unit should go through TRAP states properly in supervisor mode" time="19.39">
                                                 
                                               </testcase>
                     <system-out><![CDATA[]]></system-out>
                     <system-err><![CDATA[]]></system-err>
                   </testsuite>